0 info it worked if it ends with ok
1 verbose cli [ 'node', '/usr/local/bin/npm', 'run', 'watch-css' ]
2 info using npm@1.4.28
3 info using node@v0.10.33
4 verbose run-script [ 'prewatch-css', 'watch-css', 'postwatch-css' ]
5 info prewatch-css jvp@1.0.0
6 info watch-css jvp@1.0.0
7 verbose unsafe-perm in lifecycle true
8 info jvp@1.0.0 Failed to exec watch-css script
9 error jvp@1.0.0 watch-css: `./bin/watch-css`
9 error Exit status 8
10 error Failed at the jvp@1.0.0 watch-css script.
10 error This is most likely a problem with the jvp package,
10 error not with npm itself.
10 error Tell the author that this fails on your system:
10 error     ./bin/watch-css
10 error You can get their info via:
10 error     npm owner ls jvp
10 error There is likely additional logging output above.
11 error System Darwin 18.6.0
12 error command "node" "/usr/local/bin/npm" "run" "watch-css"
13 error cwd /Users/Justin/Desktop/JVP
14 error node -v v0.10.33
15 error npm -v 1.4.28
16 error code ELIFECYCLE
17 verbose exit [ 1, true ]
